Determining if the pthread_create exist failed with the following output:
Change Dir: /home/file/catkin_ws/src/my_pcl_tutorial/cmake-build-debug/CMakeFiles/CMakeTmp

Run Build Command:"/usr/bin/make" "cmTC_c1f97/fast"
/usr/bin/make -f CMakeFiles/cmTC_c1f97.dir/build.make CMakeFiles/cmTC_c1f97.dir/build
make[1]: ディレクトリ '/home/file/catkin_ws/src/my_pcl_tutorial/cmake-build-debug/CMakeFiles/CMakeTmp' に入ります
Building C object CMakeFiles/cmTC_c1f97.dir/CheckSymbolExists.c.o
/usr/bin/cc    -o CMakeFiles/cmTC_c1f97.dir/CheckSymbolExists.c.o   -c /home/file/catkin_ws/src/my_pcl_tutorial/cmake-build-debug/CMakeFiles/CMakeTmp/CheckSymbolExists.c
Linking C executable cmTC_c1f97
/home/file/Downloads/clion-2018.2/bin/cmake/linux/bin/cmake -E cmake_link_script CMakeFiles/cmTC_c1f97.dir/link.txt --verbose=1
/usr/bin/cc      -rdynamic CMakeFiles/cmTC_c1f97.dir/CheckSymbolExists.c.o  -o cmTC_c1f97 
CMakeFiles/cmTC_c1f97.dir/CheckSymbolExists.c.o: 関数 `main' 内:
CheckSymbolExists.c:(.text+0x16): `pthread_create' に対する定義されていない参照です
collect2: error: ld returned 1 exit status
CMakeFiles/cmTC_c1f97.dir/build.make:86: ターゲット 'cmTC_c1f97' のレシピで失敗しました
make[1]: *** [cmTC_c1f97] エラー 1
make[1]: ディレクトリ '/home/file/catkin_ws/src/my_pcl_tutorial/cmake-build-debug/CMakeFiles/CMakeTmp' から出ます
Makefile:121: ターゲット 'cmTC_c1f97/fast' のレシピで失敗しました
make: *** [cmTC_c1f97/fast] エラー 2

File /home/file/catkin_ws/src/my_pcl_tutorial/cmake-build-debug/CMakeFiles/CMakeTmp/CheckSymbolExists.c:
/* */
#include <pthread.h>

int main(int argc, char** argv)
{
  (void)argv;
#ifndef pthread_create
  return ((int*)(&pthread_create))[argc];
#else
  (void)argc;
  return 0;
#endif
}

Determining if the function pthread_create exists in the pthreads failed with the following output:
Change Dir: /home/file/catkin_ws/src/my_pcl_tutorial/cmake-build-debug/CMakeFiles/CMakeTmp

Run Build Command:"/usr/bin/make" "cmTC_f1c6b/fast"
/usr/bin/make -f CMakeFiles/cmTC_f1c6b.dir/build.make CMakeFiles/cmTC_f1c6b.dir/build
make[1]: ディレクトリ '/home/file/catkin_ws/src/my_pcl_tutorial/cmake-build-debug/CMakeFiles/CMakeTmp' に入ります
Building C object CMakeFiles/cmTC_f1c6b.dir/CheckFunctionExists.c.o
/usr/bin/cc   -DCHECK_FUNCTION_EXISTS=pthread_create   -o CMakeFiles/cmTC_f1c6b.dir/CheckFunctionExists.c.o   -c /home/file/Downloads/clion-2018.2/bin/cmake/linux/share/cmake-3.12/Modules/CheckFunctionExists.c
Linking C executable cmTC_f1c6b
/home/file/Downloads/clion-2018.2/bin/cmake/linux/bin/cmake -E cmake_link_script CMakeFiles/cmTC_f1c6b.dir/link.txt --verbose=1
/usr/bin/cc  -DCHECK_FUNCTION_EXISTS=pthread_create    -rdynamic CMakeFiles/cmTC_f1c6b.dir/CheckFunctionExists.c.o  -o cmTC_f1c6b -lpthreads 
/usr/bin/ld: -lpthreads が見つかりません
collect2: error: ld returned 1 exit status
CMakeFiles/cmTC_f1c6b.dir/build.make:86: ターゲット 'cmTC_f1c6b' のレシピで失敗しました
make[1]: *** [cmTC_f1c6b] エラー 1
make[1]: ディレクトリ '/home/file/catkin_ws/src/my_pcl_tutorial/cmake-build-debug/CMakeFiles/CMakeTmp' から出ます
Makefile:121: ターゲット 'cmTC_f1c6b/fast' のレシピで失敗しました
make: *** [cmTC_f1c6b/fast] エラー 2


